
Showing logs for build [32mcb-kubecd-environment-pr-198-33-s8nrg-1[0m stage [32mfrom-build-pack[0m and container [32mstep-credential-initializer-ckd9h[0m
{"level":"warn","ts":1586508600.974147,"logger":"fallback-logger","caller":"logging/config.go:69","msg":"Fetch GitHub commit ID from kodata failed: \"ref: refs/heads/0.8.0-**-support-backwards-incompats\" is not a valid GitHub commit ID"}
{"level":"info","ts":1586508600.9758003,"logger":"fallback-logger","caller":"creds-init/main.go:40","msg":"Credentials initialized."}

Showing logs for build [32mcb-kubecd-environment-pr-198-33-s8nrg-1[0m stage [32mfrom-build-pack[0m and container [32mstep-working-dir-initializer-wv7st[0m
{"level":"warn","ts":1586508601.6079717,"logger":"fallback-logger","caller":"logging/config.go:69","msg":"Fetch GitHub commit ID from kodata failed: open /var/run/ko/HEAD: no such file or directory"}
{"level":"info","ts":1586508601.6117973,"logger":"fallback-logger","caller":"bash/main.go:64","msg":"Successfully executed command \"sh -c mkdir -p /workspace/source\"; output "}

Showing logs for build [32mcb-kubecd-environment-pr-198-33-s8nrg-1[0m stage [32mfrom-build-pack[0m and container [32mstep-place-tools[0m

Showing logs for build [32mcb-kubecd-environment-pr-198-33-s8nrg-1[0m stage [32mfrom-build-pack[0m and container [32mstep-git-source-cb-kubecd-environment-pr-198-33-s8nrg-nns5p[0m
{"level":"warn","ts":1586508607.791844,"logger":"fallback-logger","caller":"logging/config.go:69","msg":"Fetch GitHub commit ID from kodata failed: \"ref: refs/heads/0.8.0-**-support-backwards-incompats\" is not a valid GitHub commit ID"}
{"level":"info","ts":1586508608.853076,"logger":"fallback-logger","caller":"git/git.go:103","msg":"Successfully cloned https://github.com/cb-kubecd/environment-pr-198-33-boot-gke-staging.git @ master in path /workspace/source"}

Showing logs for build [32mcb-kubecd-environment-pr-198-33-s8nrg-1[0m stage [32mfrom-build-pack[0m and container [32mstep-git-merge[0m
Using SHAs from PULL_REFS=master:71f02eb362e2d552d30f7bc880323f1d22ae73a8,2:dec57248a0a46b8ba2c60b2280621590f114fac9
DEBUG: LC_ALL=C JX_LOG_LEVEL=error git fetch origin --unshallow dec57248a0a46b8ba2c60b2280621590f114fac9: 71f02eb362e2d552d30f7bc880323f1d22ae73a8:
DEBUG: ran git fetch --unshallow origin dec57248a0a46b8ba2c60b2280621590f114fac9: 71f02eb362e2d552d30f7bc880323f1d22ae73a8: in 
DEBUG: JX_LOG_LEVEL=error LC_ALL=C git branch
DEBUG: LC_ALL=C JX_LOG_LEVEL=error git checkout master
DEBUG: ran git checkout master in 
DEBUG: LC_ALL=C JX_LOG_LEVEL=error git reset --hard 71f02eb362e2d552d30f7bc880323f1d22ae73a8
DEBUG: ran git reset --hard 71f02eb362e2d552d30f7bc880323f1d22ae73a8 in 
DEBUG: LC_ALL=C JX_LOG_LEVEL=error git clean -fd .
DEBUG: ran clean --force -d . in 
DEBUG: JX_LOG_LEVEL=error LC_ALL=C git merge dec57248a0a46b8ba2c60b2280621590f114fac9
DEBUG: ran git merge dec57248a0a46b8ba2c60b2280621590f114fac9 in 
DEBUG: LC_ALL=C JX_LOG_LEVEL=error git log --format=%H%x1f%an%x1f%ae%x1f%cn%x1f%ce%x1f%s%n%b%x1e 71f02eb362e2d552d30f7bc880323f1d22ae73a8..HEAD
Merged SHA dec57248a0a46b8ba2c60b2280621590f114fac9 with commit message 'chore: Promote bdd-gh-1586508297 to version 0.0.1' into base branch master

Showing logs for build [32mcb-kubecd-environment-pr-198-33-s8nrg-1[0m stage [32mfrom-build-pack[0m and container [32mstep-build-helm-build[0m
WARNING: No $CHART_REPOSITORY defined so using the default value of: http://jenkins-x-chartmuseum:8080
Adding missing Helm repo: storage.googleapis.com https://storage.googleapis.com/chartmuseum.jenkins-x.io
WARNING: No secrets found on "helm/repos" due: reading the secret "helm/repos" from vault: no secret "helm/repos" not found in vault
Read credentials for https://storage.googleapis.com/chartmuseum.jenkins-x.io from vault helm/repos
Successfully added Helm repository storage.googleapis.com.
Adding missing Helm repo: jenkins-x-chartmuseum http://jenkins-x-chartmuseum:8080
WARNING: No secrets found on "helm/repos" due: reading the secret "helm/repos" from vault: no secret "helm/repos" not found in vault
Read credentials for http://jenkins-x-chartmuseum:8080 from vault helm/repos
Successfully added Helm repository jenkins-x-chartmuseum.
WARNING: No $CHART_REPOSITORY defined so using the default value of: http://jenkins-x-chartmuseum:8080
Adding missing Helm repo: chartmuseum.jenkins-x.io http://chartmuseum.jenkins-x.io
WARNING: No secrets found on "helm/repos" due: reading the secret "helm/repos" from vault: no secret "helm/repos" not found in vault
Read credentials for http://chartmuseum.jenkins-x.io from vault helm/repos
Successfully added Helm repository chartmuseum.jenkins-x.io.
